[debug] [2022-08-21T08:57:22.985Z] ----------------------------------------------------------------------
[debug] [2022-08-21T08:57:22.988Z] Command:       /usr/local/bin/node /usr/local/bin/firebase deploy --only functions
[debug] [2022-08-21T08:57:22.989Z] CLI Version:   11.6.0
[debug] [2022-08-21T08:57:22.989Z] Platform:      darwin
[debug] [2022-08-21T08:57:22.989Z] Node Version:  v16.15.1
[debug] [2022-08-21T08:57:23.006Z] Time:          Sun Aug 21 2022 09:57:22 GMT+0100 (British Summer Time)
[debug] [2022-08-21T08:57:23.006Z] ----------------------------------------------------------------------
[debug] 
[debug] [2022-08-21T08:57:23.094Z] > command requires scopes: ["email","openid","https://www.googleapis.com/auth/cloudplatformprojects.readonly","https://www.googleapis.com/auth/firebase","https://www.googleapis.com/auth/cloud-platform"]
[debug] [2022-08-21T08:57:23.094Z] > authorizing via signed-in user (semptiadevelopment@gmail.com)
[debug] [2022-08-21T08:57:23.094Z] [iam] checking project napna-9faa1 for permissions ["cloudfunctions.functions.create","cloudfunctions.functions.delete","cloudfunctions.functions.get","cloudfunctions.functions.list","cloudfunctions.functions.update","cloudfunctions.operations.get","firebase.projects.get"]
[debug] [2022-08-21T08:57:23.099Z] >>> [apiv2][query] POST https://cloudresourcemanager.googleapis.com/v1/projects/napna-9faa1:testIamPermissions [none]
[debug] [2022-08-21T08:57:23.100Z] >>> [apiv2][(partial)header] POST https://cloudresourcemanager.googleapis.com/v1/projects/napna-9faa1:testIamPermissions x-goog-quota-user=projects/napna-9faa1
[debug] [2022-08-21T08:57:23.100Z] >>> [apiv2][body] POST https://cloudresourcemanager.googleapis.com/v1/projects/napna-9faa1:testIamPermissions {"permissions":["cloudfunctions.functions.create","cloudfunctions.functions.delete","cloudfunctions.functions.get","cloudfunctions.functions.list","cloudfunctions.functions.update","cloudfunctions.operations.get","firebase.projects.get"]}
[debug] [2022-08-21T08:57:23.958Z] <<< [apiv2][status] POST https://cloudresourcemanager.googleapis.com/v1/projects/napna-9faa1:testIamPermissions 200
[debug] [2022-08-21T08:57:23.958Z] <<< [apiv2][body] POST https://cloudresourcemanager.googleapis.com/v1/projects/napna-9faa1:testIamPermissions {"permissions":["cloudfunctions.functions.create","cloudfunctions.functions.delete","cloudfunctions.functions.get","cloudfunctions.functions.list","cloudfunctions.functions.update","cloudfunctions.operations.get","firebase.projects.get"]}
[debug] [2022-08-21T08:57:23.959Z] >>> [apiv2][query] POST https://iam.googleapis.com/v1/projects/napna-9faa1/serviceAccounts/napna-9faa1@appspot.gserviceaccount.com:testIamPermissions [none]
[debug] [2022-08-21T08:57:23.960Z] >>> [apiv2][body] POST https://iam.googleapis.com/v1/projects/napna-9faa1/serviceAccounts/napna-9faa1@appspot.gserviceaccount.com:testIamPermissions {"permissions":["iam.serviceAccounts.actAs"]}
[debug] [2022-08-21T08:57:24.664Z] <<< [apiv2][status] POST https://iam.googleapis.com/v1/projects/napna-9faa1/serviceAccounts/napna-9faa1@appspot.gserviceaccount.com:testIamPermissions 200
[debug] [2022-08-21T08:57:24.664Z] <<< [apiv2][body] POST https://iam.googleapis.com/v1/projects/napna-9faa1/serviceAccounts/napna-9faa1@appspot.gserviceaccount.com:testIamPermissions {"permissions":["iam.serviceAccounts.actAs"]}
[info] 
[info] === Deploying to 'napna-9faa1'...
[info] 
[info] i  deploying functions 
[debug] [2022-08-21T08:57:24.669Z] >>> [apiv2][query] GET https://firebase.googleapis.com/v1beta1/projects/napna-9faa1 [none]
[debug] [2022-08-21T08:57:24.923Z] <<< [apiv2][status] GET https://firebase.googleapis.com/v1beta1/projects/napna-9faa1 200
[debug] [2022-08-21T08:57:24.923Z] <<< [apiv2][body] GET https://firebase.googleapis.com/v1beta1/projects/napna-9faa1 {"projectId":"napna-9faa1","projectNumber":"80557268514","displayName":"Napna","name":"projects/napna-9faa1","resources":{"hostingSite":"napna-9faa1","realtimeDatabaseInstance":"napna-9faa1-default-rtdb","storageBucket":"napna-9faa1.appspot.com","locationId":"europe-west"},"state":"ACTIVE","etag":"1_199ddbbc-b332-43cb-a85f-a7a46f8ea404"}
[info] i  functions: ensuring required API cloudfunctions.googleapis.com is enabled... 
[info] i  functions: ensuring required API cloudbuild.googleapis.com is enabled... 
[info] i  artifactregistry: ensuring required API artifactregistry.googleapis.com is enabled... 
[debug] [2022-08-21T08:57:24.926Z] >>> [apiv2][query] GET https://serviceusage.googleapis.com/v1/projects/napna-9faa1/services/cloudfunctions.googleapis.com [none]
[debug] [2022-08-21T08:57:24.927Z] >>> [apiv2][query] GET https://serviceusage.googleapis.com/v1/projects/napna-9faa1/services/runtimeconfig.googleapis.com [none]
[debug] [2022-08-21T08:57:24.928Z] >>> [apiv2][query] GET https://serviceusage.googleapis.com/v1/projects/napna-9faa1/services/cloudbuild.googleapis.com [none]
[debug] [2022-08-21T08:57:24.929Z] >>> [apiv2][query] GET https://serviceusage.googleapis.com/v1/projects/napna-9faa1/services/artifactregistry.googleapis.com [none]
[debug] [2022-08-21T08:57:25.790Z] <<< [apiv2][status] GET https://serviceusage.googleapis.com/v1/projects/napna-9faa1/services/runtimeconfig.googleapis.com 200
[debug] [2022-08-21T08:57:25.791Z] <<< [apiv2][body] GET https://serviceusage.googleapis.com/v1/projects/napna-9faa1/services/runtimeconfig.googleapis.com [omitted]
[debug] [2022-08-21T08:57:25.792Z] <<< [apiv2][status] GET https://serviceusage.googleapis.com/v1/projects/napna-9faa1/services/cloudbuild.googleapis.com 200
[debug] [2022-08-21T08:57:25.793Z] <<< [apiv2][body] GET https://serviceusage.googleapis.com/v1/projects/napna-9faa1/services/cloudbuild.googleapis.com [omitted]
[info] ✔  functions: required API cloudbuild.googleapis.com is enabled 
[debug] [2022-08-21T08:57:25.794Z] <<< [apiv2][status] GET https://serviceusage.googleapis.com/v1/projects/napna-9faa1/services/artifactregistry.googleapis.com 200
[debug] [2022-08-21T08:57:25.794Z] <<< [apiv2][body] GET https://serviceusage.googleapis.com/v1/projects/napna-9faa1/services/artifactregistry.googleapis.com [omitted]
[info] ✔  artifactregistry: required API artifactregistry.googleapis.com is enabled 
[debug] [2022-08-21T08:57:25.799Z] <<< [apiv2][status] GET https://serviceusage.googleapis.com/v1/projects/napna-9faa1/services/cloudfunctions.googleapis.com 200
[debug] [2022-08-21T08:57:25.799Z] <<< [apiv2][body] GET https://serviceusage.googleapis.com/v1/projects/napna-9faa1/services/cloudfunctions.googleapis.com [omitted]
[info] ✔  functions: required API cloudfunctions.googleapis.com is enabled 
[debug] [2022-08-21T08:57:25.799Z] >>> [apiv2][query] GET https://firebase.googleapis.com/v1beta1/projects/napna-9faa1/adminSdkConfig [none]
[debug] [2022-08-21T08:57:26.072Z] <<< [apiv2][status] GET https://firebase.googleapis.com/v1beta1/projects/napna-9faa1/adminSdkConfig 200
[debug] [2022-08-21T08:57:26.072Z] <<< [apiv2][body] GET https://firebase.googleapis.com/v1beta1/projects/napna-9faa1/adminSdkConfig {"projectId":"napna-9faa1","databaseURL":"https://napna-9faa1-default-rtdb.europe-west1.firebasedatabase.app","storageBucket":"napna-9faa1.appspot.com","locationId":"europe-west"}
[debug] [2022-08-21T08:57:26.072Z] >>> [apiv2][query] GET https://runtimeconfig.googleapis.com/v1beta1/projects/napna-9faa1/configs [none]
[debug] [2022-08-21T08:57:26.387Z] <<< [apiv2][status] GET https://runtimeconfig.googleapis.com/v1beta1/projects/napna-9faa1/configs 200
[debug] [2022-08-21T08:57:26.387Z] <<< [apiv2][body] GET https://runtimeconfig.googleapis.com/v1beta1/projects/napna-9faa1/configs {}
[info] i  functions: preparing codebase default for deployment 
[debug] [2022-08-21T08:57:26.391Z] Validating nodejs source
[debug] [2022-08-21T08:57:30.437Z] > [functions] package.json contents: {
  "name": "functions",
  "description": "Cloud Functions for Firebase",
  "scripts": {
    "serve": "firebase emulators:start --only functions",
    "shell": "firebase functions:shell",
    "start": "npm run shell",
    "deploy": "firebase deploy --only functions",
    "logs": "firebase functions:log"
  },
  "engines": {
    "node": "16"
  },
  "main": "index.js",
  "dependencies": {
    "firebase-admin": "^10.0.2",
    "firebase-functions": "^3.18.0"
  },
  "devDependencies": {
    "firebase-functions-test": "^0.2.0"
  },
  "private": true
}
[debug] [2022-08-21T08:57:30.437Z] Building nodejs source
[debug] [2022-08-21T08:57:30.439Z] Could not find functions.yaml. Must use http discovery
[debug] [2022-08-21T08:57:31.062Z] Serving at port 9005

[debug] [2022-08-21T08:57:31.280Z] Got response from /__/functions.yaml {"endpoints":{"writeToFirestore":{"platform":"gcfv1","httpsTrigger":{},"entryPoint":"writeToFirestore"},"makeUppercase":{"platform":"gcfv1","eventTrigger":{"eventType":"providers/cloud.firestore/eventTypes/document.create","eventFilters":{"resource":"projects/napna-9faa1/databases/(default)/documents/messages/{documentId}"},"retry":false},"labels":{},"entryPoint":"makeUppercase"}},"specVersion":"v1alpha1","requiredAPIs":[]}
[debug] [2022-08-21T08:57:31.301Z] shutdown requested via /__/quitquitquit

[info] i  functions: preparing functions directory for uploading... 
[info] i  functions: packaged /Users/hsk/Documents/Code/Github/Napna-General-1/functions (2.1 KB) for uploading 
[debug] [2022-08-21T08:57:31.384Z] >>> [apiv2][query] GET https://cloudfunctions.googleapis.com/v1/projects/napna-9faa1/locations/-/functions [none]
[debug] [2022-08-21T08:57:31.975Z] <<< [apiv2][status] GET https://cloudfunctions.googleapis.com/v1/projects/napna-9faa1/locations/-/functions 200
[debug] [2022-08-21T08:57:31.975Z] <<< [apiv2][body] GET https://cloudfunctions.googleapis.com/v1/projects/napna-9faa1/locations/-/functions {"functions":[{"name":"projects/napna-9faa1/locations/us-central1/functions/makeUppercase","eventTrigger":{"eventType":"providers/cloud.firestore/eventTypes/document.create","resource":"projects/napna-9faa1/databases/(default)/documents/messages/{documentId}","service":"firestore.googleapis.com","failurePolicy":{}},"status":"ACTIVE","entryPoint":"makeUppercase","timeout":"60s","availableMemoryMb":256,"serviceAccountEmail":"napna-9faa1@appspot.gserviceaccount.com","updateTime":"2022-08-21T08:53:39.895Z","versionId":"10","labels":{"deployment-tool":"cli-firebase"},"sourceUploadUrl":"https://storage.googleapis.com/uploads-1070683808294.us-central1.cloudfunctions.appspot.com/5e1fa23e-e6f7-4cd9-9364-c6fe5a98f842.zip","environmentVariables":{"FIREBASE_CONFIG":"{\"projectId\":\"napna-9faa1\",\"databaseURL\":\"https://napna-9faa1-default-rtdb.europe-west1.firebasedatabase.app\",\"storageBucket\":\"napna-9faa1.appspot.com\",\"locationId\":\"europe-west\"}","GCLOUD_PROJECT":"napna-9faa1"},"runtime":"nodejs16","ingressSettings":"ALLOW_ALL","buildId":"d6777466-3090-4e61-92be-0233c471e56f","buildName":"projects/80557268514/locations/us-central1/builds/d6777466-3090-4e61-92be-0233c471e56f","dockerRegistry":"ARTIFACT_REGISTRY"},{"name":"projects/napna-9faa1/locations/us-central1/functions/writeToFirestore","httpsTrigger":{"url":"https://us-central1-napna-9faa1.cloudfunctions.net/writeToFirestore","securityLevel":"SECURE_ALWAYS"},"status":"ACTIVE","entryPoint":"writeToFirestore","timeout":"60s","availableMemoryMb":256,"serviceAccountEmail":"napna-9faa1@appspot.gserviceaccount.com","updateTime":"2022-08-21T08:53:25.048Z","versionId":"3","labels":{"deployment-tool":"cli-firebase"},"sourceUploadUrl":"https://storage.googleapis.com/uploads-1070683808294.us-central1.cloudfunctions.appspot.com/5e1fa23e-e6f7-4cd9-9364-c6fe5a98f842.zip","environmentVariables":{"FIREBASE_CONFIG":"{\"projectId\":\"napna-9faa1\",\"databaseURL\":\"https://napna-9faa1-default-rtdb.europe-west1.firebasedatabase.app\",\"storageBucket\":\"napna-9faa1.appspot.com\",\"locationId\":\"europe-west\"}","GCLOUD_PROJECT":"napna-9faa1"},"runtime":"nodejs16","ingressSettings":"ALLOW_ALL","buildId":"d6777466-3090-4e61-92be-0233c471e56f","buildName":"projects/80557268514/locations/us-central1/builds/d6777466-3090-4e61-92be-0233c471e56f","dockerRegistry":"ARTIFACT_REGISTRY"}]}
[debug] [2022-08-21T08:57:31.976Z] >>> [apiv2][query] GET https://cloudfunctions.googleapis.com/v2alpha/projects/napna-9faa1/locations/-/functions [none]
[debug] [2022-08-21T08:57:33.139Z] <<< [apiv2][status] GET https://cloudfunctions.googleapis.com/v2alpha/projects/napna-9faa1/locations/-/functions 200
[debug] [2022-08-21T08:57:33.139Z] <<< [apiv2][body] GET https://cloudfunctions.googleapis.com/v2alpha/projects/napna-9faa1/locations/-/functions {}
[debug] [2022-08-21T08:57:33.148Z] >>> [apiv2][query] GET https://firebase.googleapis.com/v1beta1/projects/napna-9faa1 [none]
[debug] [2022-08-21T08:57:33.379Z] <<< [apiv2][status] GET https://firebase.googleapis.com/v1beta1/projects/napna-9faa1 200
[debug] [2022-08-21T08:57:33.379Z] <<< [apiv2][body] GET https://firebase.googleapis.com/v1beta1/projects/napna-9faa1 {"projectId":"napna-9faa1","projectNumber":"80557268514","displayName":"Napna","name":"projects/napna-9faa1","resources":{"hostingSite":"napna-9faa1","realtimeDatabaseInstance":"napna-9faa1-default-rtdb","storageBucket":"napna-9faa1.appspot.com","locationId":"europe-west"},"state":"ACTIVE","etag":"1_199ddbbc-b332-43cb-a85f-a7a46f8ea404"}
[debug] [2022-08-21T08:57:33.379Z] >>> [apiv2][query] GET https://firebase.googleapis.com/v1beta1/projects/napna-9faa1 [none]
[debug] [2022-08-21T08:57:33.593Z] <<< [apiv2][status] GET https://firebase.googleapis.com/v1beta1/projects/napna-9faa1 200
[debug] [2022-08-21T08:57:33.593Z] <<< [apiv2][body] GET https://firebase.googleapis.com/v1beta1/projects/napna-9faa1 {"projectId":"napna-9faa1","projectNumber":"80557268514","displayName":"Napna","name":"projects/napna-9faa1","resources":{"hostingSite":"napna-9faa1","realtimeDatabaseInstance":"napna-9faa1-default-rtdb","storageBucket":"napna-9faa1.appspot.com","locationId":"europe-west"},"state":"ACTIVE","etag":"1_199ddbbc-b332-43cb-a85f-a7a46f8ea404"}
[debug] [2022-08-21T08:57:33.594Z] >>> [apiv2][query] POST https://cloudfunctions.googleapis.com/v1/projects/napna-9faa1/locations/us-central1/functions:generateUploadUrl [none]
[debug] [2022-08-21T08:57:33.594Z] >>> [apiv2][body] POST https://cloudfunctions.googleapis.com/v1/projects/napna-9faa1/locations/us-central1/functions:generateUploadUrl {}
[debug] [2022-08-21T08:57:34.295Z] <<< [apiv2][status] POST https://cloudfunctions.googleapis.com/v1/projects/napna-9faa1/locations/us-central1/functions:generateUploadUrl 200
[debug] [2022-08-21T08:57:34.295Z] <<< [apiv2][body] POST https://cloudfunctions.googleapis.com/v1/projects/napna-9faa1/locations/us-central1/functions:generateUploadUrl {"uploadUrl":"https://storage.googleapis.com/uploads-1070683808294.us-central1.cloudfunctions.appspot.com/302fff89-adc7-4253-98c2-8f226acdba1b.zip?GoogleAccessId=service-80557268514@gcf-admin-robot.iam.gserviceaccount.com&Expires=1661074054&Signature=Xdt82DCG3HzlO6PrnzA%2FYWb5SYSMxGi6TfuiG%2FZS3X5t%2FPBLhNDDNhV2NT9GPYE0QkW6L%2B3f5E8XNQziRM4THsYRnF1Gf3sKwjDg%2F1KyHJcjSipPTDNoJL1Bewm1LBnErXp4d3hrwRAUZ2TPTu03wYBG6necETig2prqdhznpHT2uNx5LqHm218OJcJRPj%2F83JwcjkCNdx32fjiABDElp8iCCdatSJWuZzCcK%2B%2BhUcPi7O9f0aEYgnQwnDG4CZ97O1Ta2n3cX9hPTgur5dlQhTs%2B4x8MQvAdl%2BJ6EZN4%2Fqd1OZbQf0cExdPv%2B8cXSw74PK9WnaH5hW46lDQOweg2bA%3D%3D"}
[debug] [2022-08-21T08:57:34.297Z] >>> [apiv2][query] PUT https://storage.googleapis.com/uploads-1070683808294.us-central1.cloudfunctions.appspot.com/302fff89-adc7-4253-98c2-8f226acdba1b.zip GoogleAccessId=service-80557268514%40gcf-admin-robot.iam.gserviceaccount.com&Expires=1661074054&Signature=Xdt82DCG3HzlO6PrnzA%2FYWb5SYSMxGi6TfuiG%2FZS3X5t%2FPBLhNDDNhV2NT9GPYE0QkW6L%2B3f5E8XNQziRM4THsYRnF1Gf3sKwjDg%2F1KyHJcjSipPTDNoJL1Bewm1LBnErXp4d3hrwRAUZ2TPTu03wYBG6necETig2prqdhznpHT2uNx5LqHm218OJcJRPj%2F83JwcjkCNdx32fjiABDElp8iCCdatSJWuZzCcK%2B%2BhUcPi7O9f0aEYgnQwnDG4CZ97O1Ta2n3cX9hPTgur5dlQhTs%2B4x8MQvAdl%2BJ6EZN4%2Fqd1OZbQf0cExdPv%2B8cXSw74PK9WnaH5hW46lDQOweg2bA%3D%3D
[debug] [2022-08-21T08:57:34.297Z] >>> [apiv2][body] PUT https://storage.googleapis.com/uploads-1070683808294.us-central1.cloudfunctions.appspot.com/302fff89-adc7-4253-98c2-8f226acdba1b.zip [stream]
[debug] [2022-08-21T08:57:34.571Z] <<< [apiv2][status] PUT https://storage.googleapis.com/uploads-1070683808294.us-central1.cloudfunctions.appspot.com/302fff89-adc7-4253-98c2-8f226acdba1b.zip 200
[debug] [2022-08-21T08:57:34.571Z] <<< [apiv2][body] PUT https://storage.googleapis.com/uploads-1070683808294.us-central1.cloudfunctions.appspot.com/302fff89-adc7-4253-98c2-8f226acdba1b.zip [omitted]
[info] ✔  functions: functions folder uploaded successfully 
[info] i  functions: updating Node.js 16 function writeToFirestore(us-central1)... 
[info] i  functions: updating Node.js 16 function makeUppercase(us-central1)... 
[debug] [2022-08-21T08:57:34.577Z] >>> [apiv2][query] PATCH https://cloudfunctions.googleapis.com/v1/projects/napna-9faa1/locations/us-central1/functions/writeToFirestore updateMask=name%2CsourceUploadUrl%2CentryPoint%2Cruntime%2CdockerRegistry%2Clabels%2ChttpsTrigger.securityLevel%2CenvironmentVariables%2CavailableMemoryMb%2CsourceToken
[debug] [2022-08-21T08:57:34.577Z] >>> [apiv2][body] PATCH https://cloudfunctions.googleapis.com/v1/projects/napna-9faa1/locations/us-central1/functions/writeToFirestore {"name":"projects/napna-9faa1/locations/us-central1/functions/writeToFirestore","sourceUploadUrl":"https://storage.googleapis.com/uploads-1070683808294.us-central1.cloudfunctions.appspot.com/302fff89-adc7-4253-98c2-8f226acdba1b.zip?GoogleAccessId=service-80557268514@gcf-admin-robot.iam.gserviceaccount.com&Expires=1661074054&Signature=Xdt82DCG3HzlO6PrnzA%2FYWb5SYSMxGi6TfuiG%2FZS3X5t%2FPBLhNDDNhV2NT9GPYE0QkW6L%2B3f5E8XNQziRM4THsYRnF1Gf3sKwjDg%2F1KyHJcjSipPTDNoJL1Bewm1LBnErXp4d3hrwRAUZ2TPTu03wYBG6necETig2prqdhznpHT2uNx5LqHm218OJcJRPj%2F83JwcjkCNdx32fjiABDElp8iCCdatSJWuZzCcK%2B%2BhUcPi7O9f0aEYgnQwnDG4CZ97O1Ta2n3cX9hPTgur5dlQhTs%2B4x8MQvAdl%2BJ6EZN4%2Fqd1OZbQf0cExdPv%2B8cXSw74PK9WnaH5hW46lDQOweg2bA%3D%3D","entryPoint":"writeToFirestore","runtime":"nodejs16","dockerRegistry":"ARTIFACT_REGISTRY","labels":{"deployment-tool":"cli-firebase"},"httpsTrigger":{"securityLevel":"SECURE_ALWAYS"},"environmentVariables":{"FIREBASE_CONFIG":"{\"projectId\":\"napna-9faa1\",\"databaseURL\":\"https://napna-9faa1-default-rtdb.europe-west1.firebasedatabase.app\",\"storageBucket\":\"napna-9faa1.appspot.com\",\"locationId\":\"europe-west\"}","GCLOUD_PROJECT":"napna-9faa1"},"availableMemoryMb":256}
[debug] [2022-08-21T08:57:35.206Z] <<< [apiv2][status] PATCH https://cloudfunctions.googleapis.com/v1/projects/napna-9faa1/locations/us-central1/functions/writeToFirestore 200
[debug] [2022-08-21T08:57:35.206Z] <<< [apiv2][body] PATCH https://cloudfunctions.googleapis.com/v1/projects/napna-9faa1/locations/us-central1/functions/writeToFirestore {"name":"operations/bmFwbmEtOWZhYTEvdXMtY2VudHJhbDEvd3JpdGVUb0ZpcmVzdG9yZS9HTS0zc3JUTU9Ocw","metadata":{"@type":"type.googleapis.com/google.cloud.functions.v1.OperationMetadataV1","target":"projects/napna-9faa1/locations/us-central1/functions/writeToFirestore","type":"UPDATE_FUNCTION","request":{"@type":"type.googleapis.com/google.cloud.functions.v1.CloudFunction","name":"projects/napna-9faa1/locations/us-central1/functions/writeToFirestore","httpsTrigger":{"url":"https://us-central1-napna-9faa1.cloudfunctions.net/writeToFirestore","securityLevel":"SECURE_ALWAYS"},"status":"ACTIVE","entryPoint":"writeToFirestore","timeout":"60s","availableMemoryMb":256,"serviceAccountEmail":"napna-9faa1@appspot.gserviceaccount.com","updateTime":"2022-08-21T08:53:25.048Z","versionId":"3","labels":{"deployment-tool":"cli-firebase"},"sourceUploadUrl":"https://storage.googleapis.com/uploads-1070683808294.us-central1.cloudfunctions.appspot.com/302fff89-adc7-4253-98c2-8f226acdba1b.zip?GoogleAccessId=service-80557268514@gcf-admin-robot.iam.gserviceaccount.com&Expires=1661074054&Signature=Xdt82DCG3HzlO6PrnzA%2FYWb5SYSMxGi6TfuiG%2FZS3X5t%2FPBLhNDDNhV2NT9GPYE0QkW6L%2B3f5E8XNQziRM4THsYRnF1Gf3sKwjDg%2F1KyHJcjSipPTDNoJL1Bewm1LBnErXp4d3hrwRAUZ2TPTu03wYBG6necETig2prqdhznpHT2uNx5LqHm218OJcJRPj%2F83JwcjkCNdx32fjiABDElp8iCCdatSJWuZzCcK%2B%2BhUcPi7O9f0aEYgnQwnDG4CZ97O1Ta2n3cX9hPTgur5dlQhTs%2B4x8MQvAdl%2BJ6EZN4%2Fqd1OZbQf0cExdPv%2B8cXSw74PK9WnaH5hW46lDQOweg2bA%3D%3D","environmentVariables":{"FIREBASE_CONFIG":"{\"projectId\":\"napna-9faa1\",\"databaseURL\":\"https://napna-9faa1-default-rtdb.europe-west1.firebasedatabase.app\",\"storageBucket\":\"napna-9faa1.appspot.com\",\"locationId\":\"europe-west\"}","GCLOUD_PROJECT":"napna-9faa1"},"runtime":"nodejs16","ingressSettings":"ALLOW_ALL","buildId":"d6777466-3090-4e61-92be-0233c471e56f","buildName":"projects/80557268514/locations/us-central1/builds/d6777466-3090-4e61-92be-0233c471e56f","dockerRegistry":"ARTIFACT_REGISTRY"},"versionId":"4","updateTime":"2022-08-21T08:57:35Z"}}
[debug] [2022-08-21T08:57:35.207Z] >>> [apiv2][query] GET https://cloudfunctions.googleapis.com/v1/operations/bmFwbmEtOWZhYTEvdXMtY2VudHJhbDEvd3JpdGVUb0ZpcmVzdG9yZS9HTS0zc3JUTU9Ocw [none]
[debug] [2022-08-21T08:57:35.468Z] <<< [apiv2][status] GET https://cloudfunctions.googleapis.com/v1/operations/bmFwbmEtOWZhYTEvdXMtY2VudHJhbDEvd3JpdGVUb0ZpcmVzdG9yZS9HTS0zc3JUTU9Ocw 200
[debug] [2022-08-21T08:57:35.468Z] <<< [apiv2][body] GET https://cloudfunctions.googleapis.com/v1/operations/bmFwbmEtOWZhYTEvdXMtY2VudHJhbDEvd3JpdGVUb0ZpcmVzdG9yZS9HTS0zc3JUTU9Ocw {"name":"operations/bmFwbmEtOWZhYTEvdXMtY2VudHJhbDEvd3JpdGVUb0ZpcmVzdG9yZS9HTS0zc3JUTU9Ocw","metadata":{"@type":"type.googleapis.com/google.cloud.functions.v1.OperationMetadataV1","target":"projects/napna-9faa1/locations/us-central1/functions/writeToFirestore","type":"UPDATE_FUNCTION","request":{"@type":"type.googleapis.com/google.cloud.functions.v1.CloudFunction","name":"projects/napna-9faa1/locations/us-central1/functions/writeToFirestore","httpsTrigger":{"url":"https://us-central1-napna-9faa1.cloudfunctions.net/writeToFirestore","securityLevel":"SECURE_ALWAYS"},"status":"ACTIVE","entryPoint":"writeToFirestore","timeout":"60s","availableMemoryMb":256,"serviceAccountEmail":"napna-9faa1@appspot.gserviceaccount.com","updateTime":"2022-08-21T08:53:25.048Z","versionId":"3","labels":{"deployment-tool":"cli-firebase"},"sourceUploadUrl":"https://storage.googleapis.com/uploads-1070683808294.us-central1.cloudfunctions.appspot.com/302fff89-adc7-4253-98c2-8f226acdba1b.zip?GoogleAccessId=service-80557268514@gcf-admin-robot.iam.gserviceaccount.com&Expires=1661074054&Signature=Xdt82DCG3HzlO6PrnzA%2FYWb5SYSMxGi6TfuiG%2FZS3X5t%2FPBLhNDDNhV2NT9GPYE0QkW6L%2B3f5E8XNQziRM4THsYRnF1Gf3sKwjDg%2F1KyHJcjSipPTDNoJL1Bewm1LBnErXp4d3hrwRAUZ2TPTu03wYBG6necETig2prqdhznpHT2uNx5LqHm218OJcJRPj%2F83JwcjkCNdx32fjiABDElp8iCCdatSJWuZzCcK%2B%2BhUcPi7O9f0aEYgnQwnDG4CZ97O1Ta2n3cX9hPTgur5dlQhTs%2B4x8MQvAdl%2BJ6EZN4%2Fqd1OZbQf0cExdPv%2B8cXSw74PK9WnaH5hW46lDQOweg2bA%3D%3D","environmentVariables":{"FIREBASE_CONFIG":"{\"projectId\":\"napna-9faa1\",\"databaseURL\":\"https://napna-9faa1-default-rtdb.europe-west1.firebasedatabase.app\",\"storageBucket\":\"napna-9faa1.appspot.com\",\"locationId\":\"europe-west\"}","GCLOUD_PROJECT":"napna-9faa1"},"runtime":"nodejs16","ingressSettings":"ALLOW_ALL","buildId":"d6777466-3090-4e61-92be-0233c471e56f","buildName":"projects/80557268514/locations/us-central1/builds/d6777466-3090-4e61-92be-0233c471e56f","dockerRegistry":"ARTIFACT_REGISTRY"},"versionId":"4","updateTime":"2022-08-21T08:57:35Z"}}
[debug] [2022-08-21T08:57:35.969Z] [update-default-us-central1-writeToFirestore] Retrying task index 0
[debug] [2022-08-21T08:57:35.970Z] >>> [apiv2][query] GET https://cloudfunctions.googleapis.com/v1/operations/bmFwbmEtOWZhYTEvdXMtY2VudHJhbDEvd3JpdGVUb0ZpcmVzdG9yZS9HTS0zc3JUTU9Ocw [none]
[debug] [2022-08-21T08:57:36.224Z] <<< [apiv2][status] GET https://cloudfunctions.googleapis.com/v1/operations/bmFwbmEtOWZhYTEvdXMtY2VudHJhbDEvd3JpdGVUb0ZpcmVzdG9yZS9HTS0zc3JUTU9Ocw 200
[debug] [2022-08-21T08:57:36.224Z] <<< [apiv2][body] GET https://cloudfunctions.googleapis.com/v1/operations/bmFwbmEtOWZhYTEvdXMtY2VudHJhbDEvd3JpdGVUb0ZpcmVzdG9yZS9HTS0zc3JUTU9Ocw {"name":"operations/bmFwbmEtOWZhYTEvdXMtY2VudHJhbDEvd3JpdGVUb0ZpcmVzdG9yZS9HTS0zc3JUTU9Ocw","metadata":{"@type":"type.googleapis.com/google.cloud.functions.v1.OperationMetadataV1","target":"projects/napna-9faa1/locations/us-central1/functions/writeToFirestore","type":"UPDATE_FUNCTION","request":{"@type":"type.googleapis.com/google.cloud.functions.v1.CloudFunction","name":"projects/napna-9faa1/locations/us-central1/functions/writeToFirestore","httpsTrigger":{"url":"https://us-central1-napna-9faa1.cloudfunctions.net/writeToFirestore","securityLevel":"SECURE_ALWAYS"},"status":"ACTIVE","entryPoint":"writeToFirestore","timeout":"60s","availableMemoryMb":256,"serviceAccountEmail":"napna-9faa1@appspot.gserviceaccount.com","updateTime":"2022-08-21T08:53:25.048Z","versionId":"3","labels":{"deployment-tool":"cli-firebase"},"sourceUploadUrl":"https://storage.googleapis.com/uploads-1070683808294.us-central1.cloudfunctions.appspot.com/302fff89-adc7-4253-98c2-8f226acdba1b.zip?GoogleAccessId=service-80557268514@gcf-admin-robot.iam.gserviceaccount.com&Expires=1661074054&Signature=Xdt82DCG3HzlO6PrnzA%2FYWb5SYSMxGi6TfuiG%2FZS3X5t%2FPBLhNDDNhV2NT9GPYE0QkW6L%2B3f5E8XNQziRM4THsYRnF1Gf3sKwjDg%2F1KyHJcjSipPTDNoJL1Bewm1LBnErXp4d3hrwRAUZ2TPTu03wYBG6necETig2prqdhznpHT2uNx5LqHm218OJcJRPj%2F83JwcjkCNdx32fjiABDElp8iCCdatSJWuZzCcK%2B%2BhUcPi7O9f0aEYgnQwnDG4CZ97O1Ta2n3cX9hPTgur5dlQhTs%2B4x8MQvAdl%2BJ6EZN4%2Fqd1OZbQf0cExdPv%2B8cXSw74PK9WnaH5hW46lDQOweg2bA%3D%3D","environmentVariables":{"FIREBASE_CONFIG":"{\"projectId\":\"napna-9faa1\",\"databaseURL\":\"https://napna-9faa1-default-rtdb.europe-west1.firebasedatabase.app\",\"storageBucket\":\"napna-9faa1.appspot.com\",\"locationId\":\"europe-west\"}","GCLOUD_PROJECT":"napna-9faa1"},"runtime":"nodejs16","ingressSettings":"ALLOW_ALL","buildId":"d6777466-3090-4e61-92be-0233c471e56f","buildName":"projects/80557268514/locations/us-central1/builds/d6777466-3090-4e61-92be-0233c471e56f","dockerRegistry":"ARTIFACT_REGISTRY"},"versionId":"4","updateTime":"2022-08-21T08:57:35Z","buildId":"da21eeb5-832b-4e80-80a4-4d2a3ff29d2f","buildName":"projects/80557268514/locations/us-central1/builds/da21eeb5-832b-4e80-80a4-4d2a3ff29d2f"}}
[debug] [2022-08-21T08:57:37.225Z] [update-default-us-central1-writeToFirestore] Retrying task index 0
[debug] [2022-08-21T08:57:37.226Z] >>> [apiv2][query] GET https://cloudfunctions.googleapis.com/v1/operations/bmFwbmEtOWZhYTEvdXMtY2VudHJhbDEvd3JpdGVUb0ZpcmVzdG9yZS9HTS0zc3JUTU9Ocw [none]
[debug] [2022-08-21T08:57:37.552Z] <<< [apiv2][status] GET https://cloudfunctions.googleapis.com/v1/operations/bmFwbmEtOWZhYTEvdXMtY2VudHJhbDEvd3JpdGVUb0ZpcmVzdG9yZS9HTS0zc3JUTU9Ocw 200
[debug] [2022-08-21T08:57:37.553Z] <<< [apiv2][body] GET https://cloudfunctions.googleapis.com/v1/operations/bmFwbmEtOWZhYTEvdXMtY2VudHJhbDEvd3JpdGVUb0ZpcmVzdG9yZS9HTS0zc3JUTU9Ocw {"name":"operations/bmFwbmEtOWZhYTEvdXMtY2VudHJhbDEvd3JpdGVUb0ZpcmVzdG9yZS9HTS0zc3JUTU9Ocw","metadata":{"@type":"type.googleapis.com/google.cloud.functions.v1.OperationMetadataV1","target":"projects/napna-9faa1/locations/us-central1/functions/writeToFirestore","type":"UPDATE_FUNCTION","request":{"@type":"type.googleapis.com/google.cloud.functions.v1.CloudFunction","name":"projects/napna-9faa1/locations/us-central1/functions/writeToFirestore","httpsTrigger":{"url":"https://us-central1-napna-9faa1.cloudfunctions.net/writeToFirestore","securityLevel":"SECURE_ALWAYS"},"status":"ACTIVE","entryPoint":"writeToFirestore","timeout":"60s","availableMemoryMb":256,"serviceAccountEmail":"napna-9faa1@appspot.gserviceaccount.com","updateTime":"2022-08-21T08:53:25.048Z","versionId":"3","labels":{"deployment-tool":"cli-firebase"},"sourceUploadUrl":"https://storage.googleapis.com/uploads-1070683808294.us-central1.cloudfunctions.appspot.com/302fff89-adc7-4253-98c2-8f226acdba1b.zip?GoogleAccessId=service-80557268514@gcf-admin-robot.iam.gserviceaccount.com&Expires=1661074054&Signature=Xdt82DCG3HzlO6PrnzA%2FYWb5SYSMxGi6TfuiG%2FZS3X5t%2FPBLhNDDNhV2NT9GPYE0QkW6L%2B3f5E8XNQziRM4THsYRnF1Gf3sKwjDg%2F1KyHJcjSipPTDNoJL1Bewm1LBnErXp4d3hrwRAUZ2TPTu03wYBG6necETig2prqdhznpHT2uNx5LqHm218OJcJRPj%2F83JwcjkCNdx32fjiABDElp8iCCdatSJWuZzCcK%2B%2BhUcPi7O9f0aEYgnQwnDG4CZ97O1Ta2n3cX9hPTgur5dlQhTs%2B4x8MQvAdl%2BJ6EZN4%2Fqd1OZbQf0cExdPv%2B8cXSw74PK9WnaH5hW46lDQOweg2bA%3D%3D","environmentVariables":{"FIREBASE_CONFIG":"{\"projectId\":\"napna-9faa1\",\"databaseURL\":\"https://napna-9faa1-default-rtdb.europe-west1.firebasedatabase.app\",\"storageBucket\":\"napna-9faa1.appspot.com\",\"locationId\":\"europe-west\"}","GCLOUD_PROJECT":"napna-9faa1"},"runtime":"nodejs16","ingressSettings":"ALLOW_ALL","buildId":"d6777466-3090-4e61-92be-0233c471e56f","buildName":"projects/80557268514/locations/us-central1/builds/d6777466-3090-4e61-92be-0233c471e56f","dockerRegistry":"ARTIFACT_REGISTRY"},"versionId":"4","updateTime":"2022-08-21T08:57:35Z","buildId":"da21eeb5-832b-4e80-80a4-4d2a3ff29d2f","buildName":"projects/80557268514/locations/us-central1/builds/da21eeb5-832b-4e80-80a4-4d2a3ff29d2f"}}
[debug] [2022-08-21T08:57:39.554Z] [update-default-us-central1-writeToFirestore] Retrying task index 0
[debug] [2022-08-21T08:57:39.554Z] >>> [apiv2][query] GET https://cloudfunctions.googleapis.com/v1/operations/bmFwbmEtOWZhYTEvdXMtY2VudHJhbDEvd3JpdGVUb0ZpcmVzdG9yZS9HTS0zc3JUTU9Ocw [none]
[debug] [2022-08-21T08:57:39.805Z] <<< [apiv2][status] GET https://cloudfunctions.googleapis.com/v1/operations/bmFwbmEtOWZhYTEvdXMtY2VudHJhbDEvd3JpdGVUb0ZpcmVzdG9yZS9HTS0zc3JUTU9Ocw 200
[debug] [2022-08-21T08:57:39.806Z] <<< [apiv2][body] GET https://cloudfunctions.googleapis.com/v1/operations/bmFwbmEtOWZhYTEvdXMtY2VudHJhbDEvd3JpdGVUb0ZpcmVzdG9yZS9HTS0zc3JUTU9Ocw {"name":"operations/bmFwbmEtOWZhYTEvdXMtY2VudHJhbDEvd3JpdGVUb0ZpcmVzdG9yZS9HTS0zc3JUTU9Ocw","metadata":{"@type":"type.googleapis.com/google.cloud.functions.v1.OperationMetadataV1","target":"projects/napna-9faa1/locations/us-central1/functions/writeToFirestore","type":"UPDATE_FUNCTION","request":{"@type":"type.googleapis.com/google.cloud.functions.v1.CloudFunction","name":"projects/napna-9faa1/locations/us-central1/functions/writeToFirestore","httpsTrigger":{"url":"https://us-central1-napna-9faa1.cloudfunctions.net/writeToFirestore","securityLevel":"SECURE_ALWAYS"},"status":"ACTIVE","entryPoint":"writeToFirestore","timeout":"60s","availableMemoryMb":256,"serviceAccountEmail":"napna-9faa1@appspot.gserviceaccount.com","updateTime":"2022-08-21T08:53:25.048Z","versionId":"3","labels":{"deployment-tool":"cli-firebase"},"sourceUploadUrl":"https://storage.googleapis.com/uploads-1070683808294.us-central1.cloudfunctions.appspot.com/302fff89-adc7-4253-98c2-8f226acdba1b.zip?GoogleAccessId=service-80557268514@gcf-admin-robot.iam.gserviceaccount.com&Expires=1661074054&Signature=Xdt82DCG3HzlO6PrnzA%2FYWb5SYSMxGi6TfuiG%2FZS3X5t%2FPBLhNDDNhV2NT9GPYE0QkW6L%2B3f5E8XNQziRM4THsYRnF1Gf3sKwjDg%2F1KyHJcjSipPTDNoJL1Bewm1LBnErXp4d3hrwRAUZ2TPTu03wYBG6necETig2prqdhznpHT2uNx5LqHm218OJcJRPj%2F83JwcjkCNdx32fjiABDElp8iCCdatSJWuZzCcK%2B%2BhUcPi7O9f0aEYgnQwnDG4CZ97O1Ta2n3cX9hPTgur5dlQhTs%2B4x8MQvAdl%2BJ6EZN4%2Fqd1OZbQf0cExdPv%2B8cXSw74PK9WnaH5hW46lDQOweg2bA%3D%3D","environmentVariables":{"FIREBASE_CONFIG":"{\"projectId\":\"napna-9faa1\",\"databaseURL\":\"https://napna-9faa1-default-rtdb.europe-west1.firebasedatabase.app\",\"storageBucket\":\"napna-9faa1.appspot.com\",\"locationId\":\"europe-west\"}","GCLOUD_PROJECT":"napna-9faa1"},"runtime":"nodejs16","ingressSettings":"ALLOW_ALL","buildId":"d6777466-3090-4e61-92be-0233c471e56f","buildName":"projects/80557268514/locations/us-central1/builds/d6777466-3090-4e61-92be-0233c471e56f","dockerRegistry":"ARTIFACT_REGISTRY"},"versionId":"4","updateTime":"2022-08-21T08:57:35Z","buildId":"da21eeb5-832b-4e80-80a4-4d2a3ff29d2f","buildName":"projects/80557268514/locations/us-central1/builds/da21eeb5-832b-4e80-80a4-4d2a3ff29d2f"}}
[debug] [2022-08-21T08:57:43.806Z] [update-default-us-central1-writeToFirestore] Retrying task index 0
[debug] [2022-08-21T08:57:43.806Z] >>> [apiv2][query] GET https://cloudfunctions.googleapis.com/v1/operations/bmFwbmEtOWZhYTEvdXMtY2VudHJhbDEvd3JpdGVUb0ZpcmVzdG9yZS9HTS0zc3JUTU9Ocw [none]
[debug] [2022-08-21T08:57:44.437Z] <<< [apiv2][status] GET https://cloudfunctions.googleapis.com/v1/operations/bmFwbmEtOWZhYTEvdXMtY2VudHJhbDEvd3JpdGVUb0ZpcmVzdG9yZS9HTS0zc3JUTU9Ocw 200
[debug] [2022-08-21T08:57:44.437Z] <<< [apiv2][body] GET https://cloudfunctions.googleapis.com/v1/operations/bmFwbmEtOWZhYTEvdXMtY2VudHJhbDEvd3JpdGVUb0ZpcmVzdG9yZS9HTS0zc3JUTU9Ocw {"name":"operations/bmFwbmEtOWZhYTEvdXMtY2VudHJhbDEvd3JpdGVUb0ZpcmVzdG9yZS9HTS0zc3JUTU9Ocw","metadata":{"@type":"type.googleapis.com/google.cloud.functions.v1.OperationMetadataV1","target":"projects/napna-9faa1/locations/us-central1/functions/writeToFirestore","type":"UPDATE_FUNCTION","request":{"@type":"type.googleapis.com/google.cloud.functions.v1.CloudFunction","name":"projects/napna-9faa1/locations/us-central1/functions/writeToFirestore","httpsTrigger":{"url":"https://us-central1-napna-9faa1.cloudfunctions.net/writeToFirestore","securityLevel":"SECURE_ALWAYS"},"status":"ACTIVE","entryPoint":"writeToFirestore","timeout":"60s","availableMemoryMb":256,"serviceAccountEmail":"napna-9faa1@appspot.gserviceaccount.com","updateTime":"2022-08-21T08:53:25.048Z","versionId":"3","labels":{"deployment-tool":"cli-firebase"},"sourceUploadUrl":"https://storage.googleapis.com/uploads-1070683808294.us-central1.cloudfunctions.appspot.com/302fff89-adc7-4253-98c2-8f226acdba1b.zip?GoogleAccessId=service-80557268514@gcf-admin-robot.iam.gserviceaccount.com&Expires=1661074054&Signature=Xdt82DCG3HzlO6PrnzA%2FYWb5SYSMxGi6TfuiG%2FZS3X5t%2FPBLhNDDNhV2NT9GPYE0QkW6L%2B3f5E8XNQziRM4THsYRnF1Gf3sKwjDg%2F1KyHJcjSipPTDNoJL1Bewm1LBnErXp4d3hrwRAUZ2TPTu03wYBG6necETig2prqdhznpHT2uNx5LqHm218OJcJRPj%2F83JwcjkCNdx32fjiABDElp8iCCdatSJWuZzCcK%2B%2BhUcPi7O9f0aEYgnQwnDG4CZ97O1Ta2n3cX9hPTgur5dlQhTs%2B4x8MQvAdl%2BJ6EZN4%2Fqd1OZbQf0cExdPv%2B8cXSw74PK9WnaH5hW46lDQOweg2bA%3D%3D","environmentVariables":{"FIREBASE_CONFIG":"{\"projectId\":\"napna-9faa1\",\"databaseURL\":\"https://napna-9faa1-default-rtdb.europe-west1.firebasedatabase.app\",\"storageBucket\":\"napna-9faa1.appspot.com\",\"locationId\":\"europe-west\"}","GCLOUD_PROJECT":"napna-9faa1"},"runtime":"nodejs16","ingressSettings":"ALLOW_ALL","buildId":"d6777466-3090-4e61-92be-0233c471e56f","buildName":"projects/80557268514/locations/us-central1/builds/d6777466-3090-4e61-92be-0233c471e56f","dockerRegistry":"ARTIFACT_REGISTRY"},"versionId":"4","updateTime":"2022-08-21T08:57:35Z","buildId":"da21eeb5-832b-4e80-80a4-4d2a3ff29d2f","buildName":"projects/80557268514/locations/us-central1/builds/da21eeb5-832b-4e80-80a4-4d2a3ff29d2f"}}
[debug] [2022-08-21T08:57:52.438Z] [update-default-us-central1-writeToFirestore] Retrying task index 0
[debug] [2022-08-21T08:57:52.439Z] >>> [apiv2][query] GET https://cloudfunctions.googleapis.com/v1/operations/bmFwbmEtOWZhYTEvdXMtY2VudHJhbDEvd3JpdGVUb0ZpcmVzdG9yZS9HTS0zc3JUTU9Ocw [none]
[debug] [2022-08-21T08:57:52.727Z] <<< [apiv2][status] GET https://cloudfunctions.googleapis.com/v1/operations/bmFwbmEtOWZhYTEvdXMtY2VudHJhbDEvd3JpdGVUb0ZpcmVzdG9yZS9HTS0zc3JUTU9Ocw 200
[debug] [2022-08-21T08:57:52.727Z] <<< [apiv2][body] GET https://cloudfunctions.googleapis.com/v1/operations/bmFwbmEtOWZhYTEvdXMtY2VudHJhbDEvd3JpdGVUb0ZpcmVzdG9yZS9HTS0zc3JUTU9Ocw {"name":"operations/bmFwbmEtOWZhYTEvdXMtY2VudHJhbDEvd3JpdGVUb0ZpcmVzdG9yZS9HTS0zc3JUTU9Ocw","metadata":{"@type":"type.googleapis.com/google.cloud.functions.v1.OperationMetadataV1","target":"projects/napna-9faa1/locations/us-central1/functions/writeToFirestore","type":"UPDATE_FUNCTION","request":{"@type":"type.googleapis.com/google.cloud.functions.v1.CloudFunction","name":"projects/napna-9faa1/locations/us-central1/functions/writeToFirestore","httpsTrigger":{"url":"https://us-central1-napna-9faa1.cloudfunctions.net/writeToFirestore","securityLevel":"SECURE_ALWAYS"},"status":"ACTIVE","entryPoint":"writeToFirestore","timeout":"60s","availableMemoryMb":256,"serviceAccountEmail":"napna-9faa1@appspot.gserviceaccount.com","updateTime":"2022-08-21T08:53:25.048Z","versionId":"3","labels":{"deployment-tool":"cli-firebase"},"sourceUploadUrl":"https://storage.googleapis.com/uploads-1070683808294.us-central1.cloudfunctions.appspot.com/302fff89-adc7-4253-98c2-8f226acdba1b.zip?GoogleAccessId=service-80557268514@gcf-admin-robot.iam.gserviceaccount.com&Expires=1661074054&Signature=Xdt82DCG3HzlO6PrnzA%2FYWb5SYSMxGi6TfuiG%2FZS3X5t%2FPBLhNDDNhV2NT9GPYE0QkW6L%2B3f5E8XNQziRM4THsYRnF1Gf3sKwjDg%2F1KyHJcjSipPTDNoJL1Bewm1LBnErXp4d3hrwRAUZ2TPTu03wYBG6necETig2prqdhznpHT2uNx5LqHm218OJcJRPj%2F83JwcjkCNdx32fjiABDElp8iCCdatSJWuZzCcK%2B%2BhUcPi7O9f0aEYgnQwnDG4CZ97O1Ta2n3cX9hPTgur5dlQhTs%2B4x8MQvAdl%2BJ6EZN4%2Fqd1OZbQf0cExdPv%2B8cXSw74PK9WnaH5hW46lDQOweg2bA%3D%3D","environmentVariables":{"FIREBASE_CONFIG":"{\"projectId\":\"napna-9faa1\",\"databaseURL\":\"https://napna-9faa1-default-rtdb.europe-west1.firebasedatabase.app\",\"storageBucket\":\"napna-9faa1.appspot.com\",\"locationId\":\"europe-west\"}","GCLOUD_PROJECT":"napna-9faa1"},"runtime":"nodejs16","ingressSettings":"ALLOW_ALL","buildId":"d6777466-3090-4e61-92be-0233c471e56f","buildName":"projects/80557268514/locations/us-central1/builds/d6777466-3090-4e61-92be-0233c471e56f","dockerRegistry":"ARTIFACT_REGISTRY"},"versionId":"4","updateTime":"2022-08-21T08:57:35Z","buildId":"da21eeb5-832b-4e80-80a4-4d2a3ff29d2f","buildName":"projects/80557268514/locations/us-central1/builds/da21eeb5-832b-4e80-80a4-4d2a3ff29d2f"}}
[debug] [2022-08-21T08:58:02.728Z] [update-default-us-central1-writeToFirestore] Retrying task index 0
[debug] [2022-08-21T08:58:02.729Z] >>> [apiv2][query] GET https://cloudfunctions.googleapis.com/v1/operations/bmFwbmEtOWZhYTEvdXMtY2VudHJhbDEvd3JpdGVUb0ZpcmVzdG9yZS9HTS0zc3JUTU9Ocw [none]
[debug] [2022-08-21T08:58:02.991Z] <<< [apiv2][status] GET https://cloudfunctions.googleapis.com/v1/operations/bmFwbmEtOWZhYTEvdXMtY2VudHJhbDEvd3JpdGVUb0ZpcmVzdG9yZS9HTS0zc3JUTU9Ocw 200
[debug] [2022-08-21T08:58:02.991Z] <<< [apiv2][body] GET https://cloudfunctions.googleapis.com/v1/operations/bmFwbmEtOWZhYTEvdXMtY2VudHJhbDEvd3JpdGVUb0ZpcmVzdG9yZS9HTS0zc3JUTU9Ocw {"name":"operations/bmFwbmEtOWZhYTEvdXMtY2VudHJhbDEvd3JpdGVUb0ZpcmVzdG9yZS9HTS0zc3JUTU9Ocw","metadata":{"@type":"type.googleapis.com/google.cloud.functions.v1.OperationMetadataV1","target":"projects/napna-9faa1/locations/us-central1/functions/writeToFirestore","type":"UPDATE_FUNCTION","request":{"@type":"type.googleapis.com/google.cloud.functions.v1.CloudFunction","name":"projects/napna-9faa1/locations/us-central1/functions/writeToFirestore","httpsTrigger":{"url":"https://us-central1-napna-9faa1.cloudfunctions.net/writeToFirestore","securityLevel":"SECURE_ALWAYS"},"status":"ACTIVE","entryPoint":"writeToFirestore","timeout":"60s","availableMemoryMb":256,"serviceAccountEmail":"napna-9faa1@appspot.gserviceaccount.com","updateTime":"2022-08-21T08:53:25.048Z","versionId":"3","labels":{"deployment-tool":"cli-firebase"},"sourceUploadUrl":"https://storage.googleapis.com/uploads-1070683808294.us-central1.cloudfunctions.appspot.com/302fff89-adc7-4253-98c2-8f226acdba1b.zip?GoogleAccessId=service-80557268514@gcf-admin-robot.iam.gserviceaccount.com&Expires=1661074054&Signature=Xdt82DCG3HzlO6PrnzA%2FYWb5SYSMxGi6TfuiG%2FZS3X5t%2FPBLhNDDNhV2NT9GPYE0QkW6L%2B3f5E8XNQziRM4THsYRnF1Gf3sKwjDg%2F1KyHJcjSipPTDNoJL1Bewm1LBnErXp4d3hrwRAUZ2TPTu03wYBG6necETig2prqdhznpHT2uNx5LqHm218OJcJRPj%2F83JwcjkCNdx32fjiABDElp8iCCdatSJWuZzCcK%2B%2BhUcPi7O9f0aEYgnQwnDG4CZ97O1Ta2n3cX9hPTgur5dlQhTs%2B4x8MQvAdl%2BJ6EZN4%2Fqd1OZbQf0cExdPv%2B8cXSw74PK9WnaH5hW46lDQOweg2bA%3D%3D","environmentVariables":{"FIREBASE_CONFIG":"{\"projectId\":\"napna-9faa1\",\"databaseURL\":\"https://napna-9faa1-default-rtdb.europe-west1.firebasedatabase.app\",\"storageBucket\":\"napna-9faa1.appspot.com\",\"locationId\":\"europe-west\"}","GCLOUD_PROJECT":"napna-9faa1"},"runtime":"nodejs16","ingressSettings":"ALLOW_ALL","buildId":"d6777466-3090-4e61-92be-0233c471e56f","buildName":"projects/80557268514/locations/us-central1/builds/d6777466-3090-4e61-92be-0233c471e56f","dockerRegistry":"ARTIFACT_REGISTRY"},"versionId":"4","updateTime":"2022-08-21T08:57:35Z","buildId":"da21eeb5-832b-4e80-80a4-4d2a3ff29d2f","buildName":"projects/80557268514/locations/us-central1/builds/da21eeb5-832b-4e80-80a4-4d2a3ff29d2f"}}
[debug] [2022-08-21T08:58:12.992Z] [update-default-us-central1-writeToFirestore] Retrying task index 0
[debug] [2022-08-21T08:58:12.993Z] >>> [apiv2][query] GET https://cloudfunctions.googleapis.com/v1/operations/bmFwbmEtOWZhYTEvdXMtY2VudHJhbDEvd3JpdGVUb0ZpcmVzdG9yZS9HTS0zc3JUTU9Ocw [none]
[debug] [2022-08-21T08:58:13.276Z] <<< [apiv2][status] GET https://cloudfunctions.googleapis.com/v1/operations/bmFwbmEtOWZhYTEvdXMtY2VudHJhbDEvd3JpdGVUb0ZpcmVzdG9yZS9HTS0zc3JUTU9Ocw 200
[debug] [2022-08-21T08:58:13.277Z] <<< [apiv2][body] GET https://cloudfunctions.googleapis.com/v1/operations/bmFwbmEtOWZhYTEvdXMtY2VudHJhbDEvd3JpdGVUb0ZpcmVzdG9yZS9HTS0zc3JUTU9Ocw {"name":"operations/bmFwbmEtOWZhYTEvdXMtY2VudHJhbDEvd3JpdGVUb0ZpcmVzdG9yZS9HTS0zc3JUTU9Ocw","metadata":{"@type":"type.googleapis.com/google.cloud.functions.v1.OperationMetadataV1","target":"projects/napna-9faa1/locations/us-central1/functions/writeToFirestore","type":"UPDATE_FUNCTION","request":{"@type":"type.googleapis.com/google.cloud.functions.v1.CloudFunction","name":"projects/napna-9faa1/locations/us-central1/functions/writeToFirestore","httpsTrigger":{"url":"https://us-central1-napna-9faa1.cloudfunctions.net/writeToFirestore","securityLevel":"SECURE_ALWAYS"},"status":"ACTIVE","entryPoint":"writeToFirestore","timeout":"60s","availableMemoryMb":256,"serviceAccountEmail":"napna-9faa1@appspot.gserviceaccount.com","updateTime":"2022-08-21T08:53:25.048Z","versionId":"3","labels":{"deployment-tool":"cli-firebase"},"sourceUploadUrl":"https://storage.googleapis.com/uploads-1070683808294.us-central1.cloudfunctions.appspot.com/302fff89-adc7-4253-98c2-8f226acdba1b.zip?GoogleAccessId=service-80557268514@gcf-admin-robot.iam.gserviceaccount.com&Expires=1661074054&Signature=Xdt82DCG3HzlO6PrnzA%2FYWb5SYSMxGi6TfuiG%2FZS3X5t%2FPBLhNDDNhV2NT9GPYE0QkW6L%2B3f5E8XNQziRM4THsYRnF1Gf3sKwjDg%2F1KyHJcjSipPTDNoJL1Bewm1LBnErXp4d3hrwRAUZ2TPTu03wYBG6necETig2prqdhznpHT2uNx5LqHm218OJcJRPj%2F83JwcjkCNdx32fjiABDElp8iCCdatSJWuZzCcK%2B%2BhUcPi7O9f0aEYgnQwnDG4CZ97O1Ta2n3cX9hPTgur5dlQhTs%2B4x8MQvAdl%2BJ6EZN4%2Fqd1OZbQf0cExdPv%2B8cXSw74PK9WnaH5hW46lDQOweg2bA%3D%3D","environmentVariables":{"FIREBASE_CONFIG":"{\"projectId\":\"napna-9faa1\",\"databaseURL\":\"https://napna-9faa1-default-rtdb.europe-west1.firebasedatabase.app\",\"storageBucket\":\"napna-9faa1.appspot.com\",\"locationId\":\"europe-west\"}","GCLOUD_PROJECT":"napna-9faa1"},"runtime":"nodejs16","ingressSettings":"ALLOW_ALL","buildId":"d6777466-3090-4e61-92be-0233c471e56f","buildName":"projects/80557268514/locations/us-central1/builds/d6777466-3090-4e61-92be-0233c471e56f","dockerRegistry":"ARTIFACT_REGISTRY"},"versionId":"4","updateTime":"2022-08-21T08:57:35Z","buildId":"da21eeb5-832b-4e80-80a4-4d2a3ff29d2f","buildName":"projects/80557268514/locations/us-central1/builds/da21eeb5-832b-4e80-80a4-4d2a3ff29d2f"}}
[debug] [2022-08-21T08:58:23.282Z] [update-default-us-central1-writeToFirestore] Retrying task index 0
[debug] [2022-08-21T08:58:23.283Z] >>> [apiv2][query] GET https://cloudfunctions.googleapis.com/v1/operations/bmFwbmEtOWZhYTEvdXMtY2VudHJhbDEvd3JpdGVUb0ZpcmVzdG9yZS9HTS0zc3JUTU9Ocw [none]
[debug] [2022-08-21T08:58:23.617Z] <<< [apiv2][status] GET https://cloudfunctions.googleapis.com/v1/operations/bmFwbmEtOWZhYTEvdXMtY2VudHJhbDEvd3JpdGVUb0ZpcmVzdG9yZS9HTS0zc3JUTU9Ocw 200
[debug] [2022-08-21T08:58:23.617Z] <<< [apiv2][body] GET https://cloudfunctions.googleapis.com/v1/operations/bmFwbmEtOWZhYTEvdXMtY2VudHJhbDEvd3JpdGVUb0ZpcmVzdG9yZS9HTS0zc3JUTU9Ocw {"name":"operations/bmFwbmEtOWZhYTEvdXMtY2VudHJhbDEvd3JpdGVUb0ZpcmVzdG9yZS9HTS0zc3JUTU9Ocw","metadata":{"@type":"type.googleapis.com/google.cloud.functions.v1.OperationMetadataV1","target":"projects/napna-9faa1/locations/us-central1/functions/writeToFirestore","type":"UPDATE_FUNCTION","request":{"@type":"type.googleapis.com/google.cloud.functions.v1.CloudFunction","name":"projects/napna-9faa1/locations/us-central1/functions/writeToFirestore","httpsTrigger":{"url":"https://us-central1-napna-9faa1.cloudfunctions.net/writeToFirestore","securityLevel":"SECURE_ALWAYS"},"status":"ACTIVE","entryPoint":"writeToFirestore","timeout":"60s","availableMemoryMb":256,"serviceAccountEmail":"napna-9faa1@appspot.gserviceaccount.com","updateTime":"2022-08-21T08:53:25.048Z","versionId":"3","labels":{"deployment-tool":"cli-firebase"},"sourceUploadUrl":"https://storage.googleapis.com/uploads-1070683808294.us-central1.cloudfunctions.appspot.com/302fff89-adc7-4253-98c2-8f226acdba1b.zip?GoogleAccessId=service-80557268514@gcf-admin-robot.iam.gserviceaccount.com&Expires=1661074054&Signature=Xdt82DCG3HzlO6PrnzA%2FYWb5SYSMxGi6TfuiG%2FZS3X5t%2FPBLhNDDNhV2NT9GPYE0QkW6L%2B3f5E8XNQziRM4THsYRnF1Gf3sKwjDg%2F1KyHJcjSipPTDNoJL1Bewm1LBnErXp4d3hrwRAUZ2TPTu03wYBG6necETig2prqdhznpHT2uNx5LqHm218OJcJRPj%2F83JwcjkCNdx32fjiABDElp8iCCdatSJWuZzCcK%2B%2BhUcPi7O9f0aEYgnQwnDG4CZ97O1Ta2n3cX9hPTgur5dlQhTs%2B4x8MQvAdl%2BJ6EZN4%2Fqd1OZbQf0cExdPv%2B8cXSw74PK9WnaH5hW46lDQOweg2bA%3D%3D","environmentVariables":{"FIREBASE_CONFIG":"{\"projectId\":\"napna-9faa1\",\"databaseURL\":\"https://napna-9faa1-default-rtdb.europe-west1.firebasedatabase.app\",\"storageBucket\":\"napna-9faa1.appspot.com\",\"locationId\":\"europe-west\"}","GCLOUD_PROJECT":"napna-9faa1"},"runtime":"nodejs16","ingressSettings":"ALLOW_ALL","buildId":"d6777466-3090-4e61-92be-0233c471e56f","buildName":"projects/80557268514/locations/us-central1/builds/d6777466-3090-4e61-92be-0233c471e56f","dockerRegistry":"ARTIFACT_REGISTRY"},"versionId":"4","updateTime":"2022-08-21T08:57:35Z","buildId":"da21eeb5-832b-4e80-80a4-4d2a3ff29d2f","buildName":"projects/80557268514/locations/us-central1/builds/da21eeb5-832b-4e80-80a4-4d2a3ff29d2f"}}
